<?xml version="1.0" encoding="UTF-8"?>
<testsuite xmlns:xsi="http://www.w3.org/2001/XMLSchema-instance" xsi:noNamespaceSchemaLocation="https://maven.apache.org/surefire/maven-surefire-plugin/xsd/surefire-test-report.xsd" name="TestSuite" time="90.794" tests="9" errors="0" skipped="2" failures="7">
  <properties>
[...]
</properties>
  <testcase name="loginTest" classname="com.qtpselenium.rediff.portfoliosuite.LoginTest" time="1.544">
    <failure type="java.lang.reflect.InvocationTargetException">java.lang.reflect.InvocationTargetException
	at com.qtpselenium.rediff.portfoliosuite.LoginTest.loginTest(LoginTest.java:23)
Caused by: org.openqa.selenium.SessionNotCreatedException: 
Unable to create new service: ChromeDriverService
Build info: version: '3.14.0', revision: 'aacccce0', time: '2018-08-02T20:13:22.693Z'
System info: host: 'RAM-PC', ip: '192.168.1.5', os.name: 'Windows 10', os.arch: 'amd64', os.version: '10.0', java.version: '1.8.0_181'
Driver info: driver.version: unknown
Command duration or timeout: 257 milliseconds
	at com.qtpselenium.rediff.portfoliosuite.LoginTest.loginTest(LoginTest.java:23)
Caused by: org.openqa.selenium.SessionNotCreatedException: 
Unable to create new service: ChromeDriverService
Build info: version: '3.14.0', revision: 'aacccce0', time: '2018-08-02T20:13:22.693Z'
System info: host: 'RAM-PC', ip: '192.168.1.5', os.name: 'Windows 10', os.arch: 'amd64', os.version: '10.0', java.version: '1.8.0_181'
Driver info: driver.version: unknown
Build info: version: '3.14.0', revision: 'aacccce0', time: '2018-08-02T20:19:58.91Z'
System info: host: 'RAM-PC', ip: '192.168.1.5', os.name: 'Windows 10', os.arch: 'amd64', os.version: '10.0', java.version: '1.8.0_181'
Driver info: driver.version: unknown
</failure>
    <system-out><![CDATA[***com.qtpselenium.rediff.portfoliosuite
***com.qtpselenium.rediff.stocksuite
***com.qtpselenium.rediff.portfoliosuite
Inside DataProvider - createPortFolioTest
Inside DataProvider - addStockTest
Test Name found at Row is 1
Total columns are 7
Total Rows are 2
Inside DataProvider - loginTest
Test Name found at Row is 1
Total columns are 3
Total Rows are 2
Test Name found at Row is 6
Total columns are 3
Total Rows are 3
Running addStockTest
]]></system-out>
    <system-err><![CDATA[Oct 10, 2018 12:56:02 PM org.openqa.selenium.remote.DesiredCapabilities firefox
INFO: Using `new FirefoxOptions()` is preferred to `DesiredCapabilities.firefox()`
Oct 10, 2018 12:56:02 PM org.openqa.selenium.remote.DesiredCapabilities chrome
INFO: Using `new ChromeOptions()` is preferred to `DesiredCapabilities.chrome()`
Oct 10, 2018 12:56:02 PM org.openqa.selenium.remote.DesiredCapabilities firefox
INFO: Using `new FirefoxOptions()` is preferred to `DesiredCapabilities.firefox()`
]]></system-err>
  </testcase>
  <testcase name="loginTest" classname="com.qtpselenium.rediff.portfoliosuite.LoginTest" time="25.295">
    <failure type="java.lang.reflect.InvocationTargetException">java.lang.reflect.InvocationTargetException
	at com.qtpselenium.rediff.portfoliosuite.LoginTest.loginTest(LoginTest.java:23)
Caused by: java.lang.AssertionError: 
The following asserts failed:
	Got Result as LoginFailure
	at com.qtpselenium.rediff.portfoliosuite.LoginTest.loginTest(LoginTest.java:23)
</failure>
    <system-err><![CDATA[Oct 10, 2018 12:56:51 PM org.openqa.selenium.remote.DesiredCapabilities firefox
INFO: Using `new FirefoxOptions()` is preferred to `DesiredCapabilities.firefox()`
Oct 10, 2018 12:56:53 PM org.openqa.selenium.remote.ProtocolHandshake createSession
INFO: Detected dialect: W3C
Oct 10, 2018 12:57:03 PM org.openqa.selenium.remote.ProtocolHandshake createSession
INFO: Detected dialect: W3C
]]></system-err>
  </testcase>
  <testcase name="addStockTest" classname="com.qtpselenium.rediff.stocksuite.AddDelStockTest" time="38.346">
    <failure type="java.lang.reflect.InvocationTargetException">java.lang.reflect.InvocationTargetException
	at com.qtpselenium.rediff.stocksuite.AddDelStockTest.addStockTest(AddDelStockTest.java:23)
Caused by: java.lang.AssertionError: 
The following asserts failed:
	Object not found myPortFolio_xpath
	at com.qtpselenium.rediff.stocksuite.AddDelStockTest.addStockTest(AddDelStockTest.java:23)
</failure>
    <system-err><![CDATA[log4j:WARN No appenders could be found for logger (freemarker.cache).
log4j:WARN Please initialize the log4j system properly.
Oct 10, 2018 12:56:05 PM org.openqa.selenium.remote.DesiredCapabilities firefox
INFO: Using `new FirefoxOptions()` is preferred to `DesiredCapabilities.firefox()`
Oct 10, 2018 12:56:14 PM org.openqa.selenium.remote.ProtocolHandshake createSession
INFO: Detected dialect: W3C
Oct 10, 2018 12:56:15 PM org.openqa.selenium.remote.ProtocolHandshake createSession
INFO: Detected dialect: W3C
]]></system-err>
  </testcase>
  <testcase name="addStockTest" classname="com.qtpselenium.rediff.stocksuite.AddDelStockTest" time="0.173">
    <failure type="java.lang.reflect.InvocationTargetException">java.lang.reflect.InvocationTargetException
	at com.qtpselenium.rediff.stocksuite.AddDelStockTest.addStockTest(AddDelStockTest.java:23)
Caused by: org.openqa.selenium.SessionNotCreatedException: 
Unable to create new service: ChromeDriverService
Build info: version: '3.14.0', revision: 'aacccce0', time: '2018-08-02T20:13:22.693Z'
System info: host: 'RAM-PC', ip: '192.168.1.5', os.name: 'Windows 10', os.arch: 'amd64', os.version: '10.0', java.version: '1.8.0_181'
Driver info: driver.version: unknown
Command duration or timeout: 5.11 seconds
	at com.qtpselenium.rediff.stocksuite.AddDelStockTest.addStockTest(AddDelStockTest.java:23)
Caused by: org.openqa.selenium.SessionNotCreatedException: 
Unable to create new service: ChromeDriverService
Build info: version: '3.14.0', revision: 'aacccce0', time: '2018-08-02T20:13:22.693Z'
System info: host: 'RAM-PC', ip: '192.168.1.5', os.name: 'Windows 10', os.arch: 'amd64', os.version: '10.0', java.version: '1.8.0_181'
Driver info: driver.version: unknown
Build info: version: '3.14.0', revision: 'aacccce0', time: '2018-08-02T20:19:58.91Z'
System info: host: 'RAM-PC', ip: '192.168.1.5', os.name: 'Windows 10', os.arch: 'amd64', os.version: '10.0', java.version: '1.8.0_181'
Driver info: driver.version: unknown
</failure>
    <system-err><![CDATA[Oct 10, 2018 12:56:51 PM org.openqa.selenium.remote.DesiredCapabilities chrome
INFO: Using `new ChromeOptions()` is preferred to `DesiredCapabilities.chrome()`
]]></system-err>
  </testcase>
  <testcase name="createPortFolioTest" classname="com.qtpselenium.rediff.portfoliosuite.PortFolioTest" time="1.59">
    <failure type="java.lang.reflect.InvocationTargetException">java.lang.reflect.InvocationTargetException
	at com.qtpselenium.rediff.portfoliosuite.PortFolioTest.createPortFolioTest(PortFolioTest.java:23)
Caused by: java.lang.AssertionError: 
The following asserts failed:
	Object not found createPortfolio_id
	at com.qtpselenium.rediff.portfoliosuite.PortFolioTest.createPortFolioTest(PortFolioTest.java:23)
</failure>
    <system-out><![CDATA[Running addStockTest
]]></system-out>
    <system-err><![CDATA[Oct 10, 2018 12:56:46 PM org.openqa.selenium.remote.DesiredCapabilities chrome
INFO: Using `new ChromeOptions()` is preferred to `DesiredCapabilities.chrome()`
]]></system-err>
  </testcase>
  <testcase name="createPortFolioTest" classname="com.qtpselenium.rediff.portfoliosuite.PortFolioTest" time="0.615">
    <failure type="java.lang.reflect.InvocationTargetException">java.lang.reflect.InvocationTargetException
	at com.qtpselenium.rediff.portfoliosuite.PortFolioTest.createPortFolioTest(PortFolioTest.java:23)
Caused by: org.openqa.selenium.SessionNotCreatedException: 
Unable to create new service: ChromeDriverService
Build info: version: '3.14.0', revision: 'aacccce0', time: '2018-08-02T20:13:22.693Z'
System info: host: 'RAM-PC', ip: '192.168.1.5', os.name: 'Windows 10', os.arch: 'amd64', os.version: '10.0', java.version: '1.8.0_181'
Driver info: driver.version: unknown
Command duration or timeout: 578 milliseconds
	at com.qtpselenium.rediff.portfoliosuite.PortFolioTest.createPortFolioTest(PortFolioTest.java:23)
Caused by: org.openqa.selenium.SessionNotCreatedException: 
Unable to create new service: ChromeDriverService
Build info: version: '3.14.0', revision: 'aacccce0', time: '2018-08-02T20:13:22.693Z'
System info: host: 'RAM-PC', ip: '192.168.1.5', os.name: 'Windows 10', os.arch: 'amd64', os.version: '10.0', java.version: '1.8.0_181'
Driver info: driver.version: unknown
Build info: version: '3.14.0', revision: 'aacccce0', time: '2018-08-02T20:19:58.91Z'
System info: host: 'RAM-PC', ip: '192.168.1.5', os.name: 'Windows 10', os.arch: 'amd64', os.version: '10.0', java.version: '1.8.0_181'
Driver info: driver.version: unknown
</failure>
  </testcase>
  <testcase name="createPortFolioTest" classname="com.qtpselenium.rediff.portfoliosuite.PortFolioTest" time="36.494">
    <failure type="java.lang.reflect.InvocationTargetException">java.lang.reflect.InvocationTargetException
	at com.qtpselenium.rediff.portfoliosuite.PortFolioTest.createPortFolioTest(PortFolioTest.java:23)
Caused by: java.lang.AssertionError: 
The following asserts failed:
	Object not found createPortfolio_id
	at com.qtpselenium.rediff.portfoliosuite.PortFolioTest.createPortFolioTest(PortFolioTest.java:23)
</failure>
  </testcase>
  <testcase name="deleteStockTest" classname="com.qtpselenium.rediff.stocksuite.AddDelStockTest" time="0">
    <skipped message="Method AddDelStockTest.deleteStockTest(java.util.Hashtable)[pri:2, instance:com.qtpselenium.rediff.stocksuite.AddDelStockTest@51081592] depends on not successfully finished methods"/>
  </testcase>
  <testcase name="deletePortFolioTest" classname="com.qtpselenium.rediff.portfoliosuite.PortFolioTest" time="0">
    <skipped message="Method PortFolioTest.deletePortFolioTest(java.util.Hashtable)[pri:2, instance:com.qtpselenium.rediff.portfoliosuite.PortFolioTest@6cc4c815] depends on not successfully finished methods"/>
  </testcase>
</testsuite>