<?xml version="1.0" encoding="UTF-8"?>
<!-- Generated by org.testng.reporters.JUnitXMLReporter -->
<testsuite hostname="Ram-PC" ignored="0" name="Login Test" tests="2" failures="0" timestamp="10 Oct 2018 06:59:46 GMT" time="2.106" errors="0">
  <testcase name="loginTest" time="0.03" classname="com.qtpselenium.rediff.portfoliosuite.LoginTest">
    <skipped/>
  </testcase> <!-- loginTest -->
  <testcase name="loginTest" time="0.006" classname="com.qtpselenium.rediff.portfoliosuite.LoginTest">
    <skipped/>
  </testcase> <!-- loginTest -->
</testsuite> <!-- Login Test -->
