<?xml version="1.0" encoding="UTF-8"?>
<!-- Generated by org.testng.reporters.JUnitXMLReporter -->
<testsuite hostname="Ram-PC" ignored="0" name="AddDelStockTest" tests="3" failures="0" timestamp="10 Oct 2018 06:59:47 GMT" time="0.611" errors="0">
  <testcase name="addStockTest" time="0.012" classname="com.qtpselenium.rediff.stocksuite.AddDelStockTest">
    <skipped/>
  </testcase> <!-- addStockTest -->
  <testcase name="addStockTest" time="0.003" classname="com.qtpselenium.rediff.stocksuite.AddDelStockTest">
    <skipped/>
  </testcase> <!-- addStockTest -->
  <testcase name="deleteStockTest" time="0.0" classname="com.qtpselenium.rediff.stocksuite.AddDelStockTest">
    <skipped/>
  </testcase> <!-- deleteStockTest -->
</testsuite> <!-- AddDelStockTest -->
